--- Copying files at Mon Jun 12 16:33:10 UTC 2023
INSTALLED plugins/echarts-api.jpi : 5.4.0-5
INSTALLED plugins/script-security.jpi : 1251.vfe552ed55f8d
INSTALLED plugins/docker-workflow.jpi : 521.v1a_a_dd2073b_2e
INSTALLED plugins/mina-sshd-api-common.jpi : 2.10.0-69.v28e3e36d18eb_
INSTALLED plugins/bootstrap5-api.jpi : 5.3.0-1
INSTALLED plugins/font-awesome-api.jpi : 6.4.0-1
INSTALLED plugins/pipeline-stage-tags-metadata.jpi : 2.2141.v5402e818a_779
INSTALLED plugins/pipeline-graph-analysis.jpi : 202.va_d268e64deb_3
INSTALLED plugins/ionicons-api.jpi : 56.v1b_1c8c49374e
INSTALLED plugins/bouncycastle-api.jpi : 2.28
INSTALLED plugins/structs.jpi : 324.va_f5d6774f3a_d
INSTALLED plugins/jakarta-activation-api.jpi : 2.0.1-3
INSTALLED plugins/blueocean-git-pipeline.jpi : 1.27.4
INSTALLED plugins/jjwt-api.jpi : 0.11.5-77.v646c772fddb_0
INSTALLED plugins/workflow-job.jpi : 1308.v58d48a_763b_31
INSTALLED plugins/checks-api.jpi : 2.0.0
INSTALLED plugins/blueocean-pipeline-scm-api.jpi : 1.27.4
INSTALLED plugins/pipeline-milestone-step.jpi : 111.v449306f708b_7
INSTALLED plugins/durable-task.jpi : 507.v050055d0cb_dd
INSTALLED plugins/blueocean.jpi : 1.25.8
INSTALLED plugins/cloudbees-folder.jpi : 6.815.v0dd5a_cb_40e0e
INSTALLED plugins/workflow-scm-step.jpi : 415.v434365564324
INSTALLED plugins/jquery3-api.jpi : 3.7.0-1
INSTALLED plugins/sse-gateway.jpi : 1.26
INSTALLED plugins/apache-httpcomponents-client-4-api.jpi : 4.5.14-150.v7a_b_9d17134a_5
INSTALLED plugins/handy-uri-templates-2-api.jpi : 2.1.8-22.v77d5b_75e6953
INSTALLED plugins/workflow-basic-steps.jpi : 1017.vb_45b_302f0cea_
INSTALLED plugins/workflow-multibranch.jpi : 756.v891d88f2cd46
INSTALLED plugins/blueocean-dashboard.jpi : 1.27.4
INSTALLED plugins/favorite.jpi : 2.4.2
INSTALLED plugins/blueocean-bitbucket-pipeline.jpi : 1.27.4
INSTALLED plugins/snakeyaml-api.jpi : 1.33-95.va_b_a_e3e47b_fa_4
INSTALLED plugins/mina-sshd-api-core.jpi : 2.10.0-69.v28e3e36d18eb_
INSTALLED plugins/variant.jpi : 59.vf075fe829ccb
INSTALLED plugins/git.jpi : 5.1.0
INSTALLED plugins/github-api.jpi : 1.314-431.v78d72a_3fe4c3
INSTALLED plugins/ssh-credentials.jpi : 305.v8f4381501156
INSTALLED plugins/pipeline-build-step.jpi : 496.v2449a_9a_221f2
INSTALLED plugins/commons-lang3-api.jpi : 3.12.0-36.vd97de6465d5b_
INSTALLED plugins/authentication-tokens.jpi : 1.53.v1c90fd9191a_b_
INSTALLED plugins/workflow-cps.jpi : 3691.v28b_14c465a_b_b_
INSTALLED plugins/credentials.jpi : 1254.vb_96f366e7b_a_d
INSTALLED plugins/pipeline-stage-step.jpi : 305.ve96d0205c1c6
INSTALLED plugins/blueocean-display-url.jpi : 2.4.2
INSTALLED plugins/token-macro.jpi : 359.vb_cde11682e0c
INSTALLED plugins/pipeline-input-step.jpi : 468.va_5db_051498a_4
INSTALLED plugins/git-client.jpi : 4.4.0
INSTALLED plugins/pipeline-model-extensions.jpi : 2.2141.v5402e818a_779
INSTALLED plugins/junit.jpi : 1207.va_09d5100410f
INSTALLED plugins/pubsub-light.jpi : 1.17
INSTALLED plugins/pipeline-model-api.jpi : 2.2141.v5402e818a_779
INSTALLED plugins/display-url-api.jpi : 2.3.7
INSTALLED plugins/javax-activation-api.jpi : 1.2.0-6
INSTALLED plugins/blueocean-commons.jpi : 1.27.4
INSTALLED plugins/credentials-binding.jpi : 604.vb_64480b_c56ca_
INSTALLED plugins/instance-identity.jpi : 173.va_37c494ec4e5
INSTALLED plugins/htmlpublisher.jpi : 1.31
INSTALLED plugins/workflow-step-api.jpi : 639.v6eca_cd8c04a_a_
INSTALLED plugins/blueocean-events.jpi : 1.27.4
INSTALLED plugins/blueocean-personalization.jpi : 1.27.4
INSTALLED plugins/github-branch-source.jpi : 1728.v859147241f49
INSTALLED plugins/blueocean-pipeline-api-impl.jpi : 1.27.4
INSTALLED plugins/plugin-util-api.jpi : 3.3.0
INSTALLED plugins/plain-credentials.jpi : 143.v1b_df8b_d3b_e48
INSTALLED plugins/workflow-durable-task-step.jpi : 1247.v7f9dfea_b_4fd0
INSTALLED plugins/github.jpi : 1.37.1
INSTALLED plugins/matrix-project.jpi : 789.v57a_725b_63c79
INSTALLED plugins/workflow-api.jpi : 1213.v646def1087f9
INSTALLED plugins/blueocean-web.jpi : 1.27.4
INSTALLED plugins/pipeline-model-definition.jpi : 2.2141.v5402e818a_779
INSTALLED plugins/cloudbees-bitbucket-branch-source.jpi : 805.v7f97d29dc0f5
INSTALLED plugins/pipeline-groovy-lib.jpi : 656.va_a_ceeb_6ffb_f7
INSTALLED plugins/mailer.jpi : 457.v3f72cb_e015e5
INSTALLED plugins/blueocean-config.jpi : 1.27.4
INSTALLED plugins/branch-api.jpi : 2.1109.vdf225489a_16d
INSTALLED plugins/caffeine-api.jpi : 3.1.6-115.vb_8b_b_328e59d8
INSTALLED plugins/jaxb.jpi : 2.3.8-1
INSTALLED plugins/workflow-support.jpi : 839.v35e2736cfd5c
INSTALLED plugins/jackson2-api.jpi : 2.15.2-350.v0c2f3f8fc595
INSTALLED plugins/trilead-api.jpi : 2.84.v72119de229b_7
INSTALLED plugins/okhttp-api.jpi : 4.11.0-145.vcb_8de402ef81
INSTALLED plugins/blueocean-rest-impl.jpi : 1.27.4
INSTALLED plugins/docker-commons.jpi : 419.v8e3cd84ef49c
INSTALLED plugins/scm-api.jpi : 672.v64378a_b_20c60
INSTALLED plugins/blueocean-pipeline-editor.jpi : 1.27.4
INSTALLED plugins/blueocean-rest.jpi : 1.27.4
INSTALLED plugins/jakarta-mail-api.jpi : 2.0.1-3
INSTALLED plugins/blueocean-i18n.jpi : 1.27.4
INSTALLED plugins/blueocean-jwt.jpi : 1.27.4
INSTALLED plugins/commons-text-api.jpi : 1.10.0-36.vc008c8fcda_7b_
INSTALLED plugins/blueocean-autofavorite.jpi : 1.2.5
INSTALLED plugins/blueocean-github-pipeline.jpi : 1.27.4
INSTALLED plugins/jenkins-design-language.jpi : 1.27.4
INSTALLED plugins/blueocean-core-js.jpi : 1.27.4
--- Copying files at Mon Jun 12 18:43:19 UTC 2023
SKIPPED plugins/docker-workflow.jpi : Installed version (563.vd5d2e5c4007f) has been manually upgraded from initial version (521.v1a_a_dd2073b_2e)
--- Copying files at Mon Jun 12 18:47:27 UTC 2023
SKIPPED plugins/docker-workflow.jpi : Installed version (563.vd5d2e5c4007f) has been manually upgraded from initial version (521.v1a_a_dd2073b_2e)
